#! /opt/homebrew/Cellar/icarus-verilog/12.0/bin/vvp
:ivl_version "12.0 (stable)";
:ivl_delay_selection "TYPICAL";
:vpi_time_precision + 0;
:vpi_module "/opt/homebrew/Cellar/icarus-verilog/12.0/lib/ivl/system.vpi";
:vpi_module "/opt/homebrew/Cellar/icarus-verilog/12.0/lib/ivl/vhdl_sys.vpi";
:vpi_module "/opt/homebrew/Cellar/icarus-verilog/12.0/lib/ivl/vhdl_textio.vpi";
:vpi_module "/opt/homebrew/Cellar/icarus-verilog/12.0/lib/ivl/v2005_math.vpi";
:vpi_module "/opt/homebrew/Cellar/icarus-verilog/12.0/lib/ivl/va_math.vpi";
S_0x13b70e250 .scope module, "Row_Signal" "Row_Signal" 2 1;
 .timescale 0 0;
    .port_info 0 /INPUT 16 "Key";
    .port_info 1 /INPUT 4 "Col";
    .port_info 2 /OUTPUT 4 "Row";
o0x130030010 .functor BUFZ 4, C4<zzzz>; HiZ drive
v0x13b7051c0_0 .net "Col", 3 0, o0x130030010;  0 drivers
o0x130030040 .functor BUFZ 16, C4<zzzzzzzzzzzzzzzz>; HiZ drive
v0x13b71e040_0 .net "Key", 15 0, o0x130030040;  0 drivers
v0x13b71e0e0_0 .var "Row", 3 0;
E_0x13b705cb0 .event anyedge, v0x13b7051c0_0, v0x13b71e040_0;
    .scope S_0x13b70e250;
T_0 ;
    %wait E_0x13b705cb0;
    %load/vec4 v0x13b71e040_0;
    %parti/s 1, 0, 2;
    %flag_set/vec4 9;
    %flag_get/vec4 9;
    %jmp/0 T_0.3, 9;
    %load/vec4 v0x13b7051c0_0;
    %parti/s 1, 0, 2;
    %and;
T_0.3;
    %flag_set/vec4 8;
    %jmp/1 T_0.2, 8;
    %load/vec4 v0x13b71e040_0;
    %parti/s 1, 1, 2;
    %flag_set/vec4 10;
    %flag_get/vec4 10;
    %jmp/0 T_0.4, 10;
    %load/vec4 v0x13b7051c0_0;
    %parti/s 1, 1, 2;
    %and;
T_0.4;
    %flag_set/vec4 9;
    %flag_or 8, 9;
T_0.2;
    %jmp/1 T_0.1, 8;
    %load/vec4 v0x13b71e040_0;
    %parti/s 1, 2, 3;
    %flag_set/vec4 10;
    %flag_get/vec4 10;
    %jmp/0 T_0.5, 10;
    %load/vec4 v0x13b7051c0_0;
    %parti/s 1, 2, 3;
    %and;
T_0.5;
    %flag_set/vec4 9;
    %flag_or 8, 9;
T_0.1;
    %flag_get/vec4 8;
    %jmp/1 T_0.0, 8;
    %load/vec4 v0x13b71e040_0;
    %parti/s 1, 3, 3;
    %flag_set/vec4 8;
    %flag_get/vec4 8;
    %jmp/0 T_0.6, 8;
    %load/vec4 v0x13b7051c0_0;
    %parti/s 1, 3, 3;
    %and;
T_0.6;
    %or;
T_0.0;
    %ix/load 4, 0, 0;
    %flag_set/imm 4, 0;
    %store/vec4 v0x13b71e0e0_0, 4, 1;
    %load/vec4 v0x13b71e040_0;
    %parti/s 1, 4, 4;
    %flag_set/vec4 9;
    %flag_get/vec4 9;
    %jmp/0 T_0.10, 9;
    %load/vec4 v0x13b7051c0_0;
    %parti/s 1, 0, 2;
    %and;
T_0.10;
    %flag_set/vec4 8;
    %jmp/1 T_0.9, 8;
    %load/vec4 v0x13b71e040_0;
    %parti/s 1, 5, 4;
    %flag_set/vec4 10;
    %flag_get/vec4 10;
    %jmp/0 T_0.11, 10;
    %load/vec4 v0x13b7051c0_0;
    %parti/s 1, 1, 2;
    %and;
T_0.11;
    %flag_set/vec4 9;
    %flag_or 8, 9;
T_0.9;
    %jmp/1 T_0.8, 8;
    %load/vec4 v0x13b71e040_0;
    %parti/s 1, 6, 4;
    %flag_set/vec4 10;
    %flag_get/vec4 10;
    %jmp/0 T_0.12, 10;
    %load/vec4 v0x13b7051c0_0;
    %parti/s 1, 2, 3;
    %and;
T_0.12;
    %flag_set/vec4 9;
    %flag_or 8, 9;
T_0.8;
    %flag_get/vec4 8;
    %jmp/1 T_0.7, 8;
    %load/vec4 v0x13b71e040_0;
    %parti/s 1, 7, 4;
    %flag_set/vec4 8;
    %flag_get/vec4 8;
    %jmp/0 T_0.13, 8;
    %load/vec4 v0x13b7051c0_0;
    %parti/s 1, 3, 3;
    %and;
T_0.13;
    %or;
T_0.7;
    %ix/load 4, 1, 0;
    %flag_set/imm 4, 0;
    %store/vec4 v0x13b71e0e0_0, 4, 1;
    %load/vec4 v0x13b71e040_0;
    %parti/s 1, 8, 5;
    %flag_set/vec4 9;
    %flag_get/vec4 9;
    %jmp/0 T_0.17, 9;
    %load/vec4 v0x13b7051c0_0;
    %parti/s 1, 0, 2;
    %and;
T_0.17;
    %flag_set/vec4 8;
    %jmp/1 T_0.16, 8;
    %load/vec4 v0x13b71e040_0;
    %parti/s 1, 9, 5;
    %flag_set/vec4 10;
    %flag_get/vec4 10;
    %jmp/0 T_0.18, 10;
    %load/vec4 v0x13b7051c0_0;
    %parti/s 1, 1, 2;
    %and;
T_0.18;
    %flag_set/vec4 9;
    %flag_or 8, 9;
T_0.16;
    %jmp/1 T_0.15, 8;
    %load/vec4 v0x13b71e040_0;
    %parti/s 1, 10, 5;
    %flag_set/vec4 10;
    %flag_get/vec4 10;
    %jmp/0 T_0.19, 10;
    %load/vec4 v0x13b7051c0_0;
    %parti/s 1, 2, 3;
    %and;
T_0.19;
    %flag_set/vec4 9;
    %flag_or 8, 9;
T_0.15;
    %flag_get/vec4 8;
    %jmp/1 T_0.14, 8;
    %load/vec4 v0x13b71e040_0;
    %parti/s 1, 11, 5;
    %flag_set/vec4 8;
    %flag_get/vec4 8;
    %jmp/0 T_0.20, 8;
    %load/vec4 v0x13b7051c0_0;
    %parti/s 1, 3, 3;
    %and;
T_0.20;
    %or;
T_0.14;
    %ix/load 4, 2, 0;
    %flag_set/imm 4, 0;
    %store/vec4 v0x13b71e0e0_0, 4, 1;
    %load/vec4 v0x13b71e040_0;
    %parti/s 1, 12, 5;
    %flag_set/vec4 9;
    %flag_get/vec4 9;
    %jmp/0 T_0.24, 9;
    %load/vec4 v0x13b7051c0_0;
    %parti/s 1, 0, 2;
    %and;
T_0.24;
    %flag_set/vec4 8;
    %jmp/1 T_0.23, 8;
    %load/vec4 v0x13b71e040_0;
    %parti/s 1, 13, 5;
    %flag_set/vec4 10;
    %flag_get/vec4 10;
    %jmp/0 T_0.25, 10;
    %load/vec4 v0x13b7051c0_0;
    %parti/s 1, 1, 2;
    %and;
T_0.25;
    %flag_set/vec4 9;
    %flag_or 8, 9;
T_0.23;
    %jmp/1 T_0.22, 8;
    %load/vec4 v0x13b71e040_0;
    %parti/s 1, 14, 5;
    %flag_set/vec4 10;
    %flag_get/vec4 10;
    %jmp/0 T_0.26, 10;
    %load/vec4 v0x13b7051c0_0;
    %parti/s 1, 2, 3;
    %and;
T_0.26;
    %flag_set/vec4 9;
    %flag_or 8, 9;
T_0.22;
    %flag_get/vec4 8;
    %jmp/1 T_0.21, 8;
    %load/vec4 v0x13b71e040_0;
    %parti/s 1, 15, 5;
    %flag_set/vec4 8;
    %flag_get/vec4 8;
    %jmp/0 T_0.27, 8;
    %load/vec4 v0x13b7051c0_0;
    %parti/s 1, 3, 3;
    %and;
T_0.27;
    %or;
T_0.21;
    %ix/load 4, 3, 0;
    %flag_set/imm 4, 0;
    %store/vec4 v0x13b71e0e0_0, 4, 1;
    %jmp T_0;
    .thread T_0, $push;
# The file index is used to find the file name in the following table.
:file_names 3;
    "N/A";
    "<interactive>";
    "Row_signal.v";
