#! /opt/homebrew/Cellar/icarus-verilog/12.0/bin/vvp
:ivl_version "12.0 (stable)";
:ivl_delay_selection "TYPICAL";
:vpi_time_precision + 0;
:vpi_module "/opt/homebrew/Cellar/icarus-verilog/12.0/lib/ivl/system.vpi";
:vpi_module "/opt/homebrew/Cellar/icarus-verilog/12.0/lib/ivl/vhdl_sys.vpi";
:vpi_module "/opt/homebrew/Cellar/icarus-verilog/12.0/lib/ivl/vhdl_textio.vpi";
:vpi_module "/opt/homebrew/Cellar/icarus-verilog/12.0/lib/ivl/v2005_math.vpi";
:vpi_module "/opt/homebrew/Cellar/icarus-verilog/12.0/lib/ivl/va_math.vpi";
S_0x13b705400 .scope module, "Synchronizer" "Synchronizer" 2 1;
 .timescale 0 0;
    .port_info 0 /INPUT 4 "Row";
    .port_info 1 /INPUT 1 "clock";
    .port_info 2 /INPUT 1 "reset";
    .port_info 3 /OUTPUT 1 "S_row";
v0x13b705600_0 .var "A_row", 0 0;
o0x130008040 .functor BUFZ 4, C4<zzzz>; HiZ drive
v0x13b7156b0_0 .net "Row", 3 0, o0x130008040;  0 drivers
v0x13b715750_0 .var "S_row", 0 0;
o0x1300080a0 .functor BUFZ 1, C4<z>; HiZ drive
v0x13b715800_0 .net "clock", 0 0, o0x1300080a0;  0 drivers
o0x1300080d0 .functor BUFZ 1, C4<z>; HiZ drive
v0x13b715890_0 .net "reset", 0 0, o0x1300080d0;  0 drivers
E_0x13b7052a0/0 .event negedge, v0x13b715800_0;
E_0x13b7052a0/1 .event posedge, v0x13b715890_0;
E_0x13b7052a0 .event/or E_0x13b7052a0/0, E_0x13b7052a0/1;
    .scope S_0x13b705400;
T_0 ;
    %wait E_0x13b7052a0;
    %load/vec4 v0x13b715890_0;
    %flag_set/vec4 8;
    %jmp/0xz  T_0.0, 8;
    %pushi/vec4 0, 0, 1;
    %assign/vec4 v0x13b705600_0, 0;
    %pushi/vec4 0, 0, 1;
    %assign/vec4 v0x13b715750_0, 0;
    %jmp T_0.1;
T_0.0 ;
    %load/vec4 v0x13b7156b0_0;
    %parti/s 1, 0, 2;
    %flag_set/vec4 8;
    %jmp/1 T_0.4, 8;
    %load/vec4 v0x13b7156b0_0;
    %parti/s 1, 1, 2;
    %flag_set/vec4 9;
    %flag_or 8, 9;
T_0.4;
    %jmp/1 T_0.3, 8;
    %load/vec4 v0x13b7156b0_0;
    %parti/s 1, 2, 3;
    %flag_set/vec4 9;
    %flag_or 8, 9;
T_0.3;
    %flag_get/vec4 8;
    %jmp/1 T_0.2, 8;
    %load/vec4 v0x13b7156b0_0;
    %parti/s 1, 3, 3;
    %or;
T_0.2;
    %assign/vec4 v0x13b705600_0, 0;
    %load/vec4 v0x13b705600_0;
    %assign/vec4 v0x13b715750_0, 0;
T_0.1 ;
    %jmp T_0;
    .thread T_0;
# The file index is used to find the file name in the following table.
:file_names 3;
    "N/A";
    "<interactive>";
    "synchronizer.v";
